<?xml version="1.0" encoding="UTF-8"?>
<!-- Generated by org.testng.reporters.JUnitXMLReporter -->
<testsuite hostname="ES18MAC.local" ignored="0" name="Default test" tests="4" failures="0" timestamp="03 Mar 2019 07:08:56 GMT" time="0.064" errors="0">
  <testcase name="test1" time="0.007" classname="basicAnnotations.Module2"/>
  <testcase name="test2" time="0.003" classname="basicAnnotations.Module2"/>
  <testcase name="test1" time="0.004" classname="basicAnnotations.Module1"/>
  <testcase name="test2" time="0.002" classname="basicAnnotations.Module1"/>
</testsuite> <!-- Default test -->
