<?xml version="1.0" encoding="UTF-8"?>
<!-- Generated by org.testng.reporters.JUnitXMLReporter -->
<testsuite hostname="ES18MAC.local" ignored="0" name="Test" tests="4" failures="0" timestamp="03 Mar 2019 07:12:17 GMT" time="0.078" errors="0">
  <testcase name="test1" time="0.009" classname="basicAnnotations.Module1"/>
  <testcase name="test2" time="0.002" classname="basicAnnotations.Module1"/>
  <testcase name="test1" time="0.004" classname="basicAnnotations.Module2"/>
  <testcase name="test2" time="0.002" classname="basicAnnotations.Module2"/>
</testsuite> <!-- Test -->
